  FFFFFFFFFFFFF.cpp
C:\Users\emile\Downloads\some-guys-source-that-is-weird-main\some-guys-source-that-is-weird-main\FFFFFFFFFF\FFFFFFFFFF\defs.h(106,1): warning C4005: 'LOBYTE': macro redefinition
D:\Windows Kits\10\Include\10.0.19041.0\shared\minwindef.h(206): message : see previous definition of 'LOBYTE'
C:\Users\emile\Downloads\some-guys-source-that-is-weird-main\some-guys-source-that-is-weird-main\FFFFFFFFFF\FFFFFFFFFF\defs.h(107,1): warning C4005: 'LOWORD': macro redefinition
D:\Windows Kits\10\Include\10.0.19041.0\shared\minwindef.h(204): message : see previous definition of 'LOWORD'
C:\Users\emile\Downloads\some-guys-source-that-is-weird-main\some-guys-source-that-is-weird-main\FFFFFFFFFF\FFFFFFFFFF\defs.h(109,1): warning C4005: 'HIBYTE': macro redefinition
D:\Windows Kits\10\Include\10.0.19041.0\shared\minwindef.h(207): message : see previous definition of 'HIBYTE'
C:\Users\emile\Downloads\some-guys-source-that-is-weird-main\some-guys-source-that-is-weird-main\FFFFFFFFFF\FFFFFFFFFF\defs.h(110,1): warning C4005: 'HIWORD': macro redefinition
D:\Windows Kits\10\Include\10.0.19041.0\shared\minwindef.h(205): message : see previous definition of 'HIWORD'
C:\Users\emile\Downloads\some-guys-source-that-is-weird-main\some-guys-source-that-is-weird-main\FFFFFFFFFF\FFFFFFFFFF\defs.h(411,17): warning C4244: '=': conversion from 'unsigned __int64' to 'int', possible loss of data
C:\Users\emile\Downloads\some-guys-source-that-is-weird-main\some-guys-source-that-is-weird-main\FFFFFFFFFF\FFFFFFFFFF\defs.h(416,13): warning C4244: '=': conversion from 'unsigned __int64' to 'int', possible loss of data
C:\Users\emile\Downloads\some-guys-source-that-is-weird-main\some-guys-source-that-is-weird-main\FFFFFFFFFF\FFFFFFFFFF\defs.h(419,15): warning C4244: '=': conversion from 'unsigned __int64' to 'unsigned int', possible loss of data
C:\Users\emile\Downloads\some-guys-source-that-is-weird-main\some-guys-source-that-is-weird-main\FFFFFFFFFF\FFFFFFFFFF\vector.h(266,19): warning C4244: 'return': conversion from 'double' to 'float', possible loss of data
C:\Users\emile\Downloads\some-guys-source-that-is-weird-main\some-guys-source-that-is-weird-main\FFFFFFFFFF\FFFFFFFFFF\vector.h(271,19): warning C4244: 'return': conversion from 'double' to 'float', possible loss of data
C:\Users\emile\Downloads\some-guys-source-that-is-weird-main\some-guys-source-that-is-weird-main\FFFFFFFFFF\FFFFFFFFFF\vector.h(278,27): warning C4244: '=': conversion from 'double' to 'float', possible loss of data
C:\Users\emile\Downloads\some-guys-source-that-is-weird-main\some-guys-source-that-is-weird-main\FFFFFFFFFF\FFFFFFFFFF\vector.h(279,27): warning C4244: '=': conversion from 'double' to 'float', possible loss of data
C:\Users\emile\Downloads\some-guys-source-that-is-weird-main\some-guys-source-that-is-weird-main\FFFFFFFFFF\FFFFFFFFFF\vector.h(280,27): warning C4244: '=': conversion from 'double' to 'float', possible loss of data
C:\Users\emile\Downloads\some-guys-source-that-is-weird-main\some-guys-source-that-is-weird-main\FFFFFFFFFF\FFFFFFFFFF\vector.h(287,27): warning C4244: '=': conversion from 'double' to 'float', possible loss of data
C:\Users\emile\Downloads\some-guys-source-that-is-weird-main\some-guys-source-that-is-weird-main\FFFFFFFFFF\FFFFFFFFFF\vector.h(288,27): warning C4244: '=': conversion from 'double' to 'float', possible loss of data
C:\Users\emile\Downloads\some-guys-source-that-is-weird-main\some-guys-source-that-is-weird-main\FFFFFFFFFF\FFFFFFFFFF\vector.h(289,27): warning C4244: '=': conversion from 'double' to 'float', possible loss of data
C:\Users\emile\Downloads\some-guys-source-that-is-weird-main\some-guys-source-that-is-weird-main\FFFFFFFFFF\FFFFFFFFFF\vector.h(314,69): warning C4244: '=': conversion from 'double' to 'float', possible loss of data
C:\Users\emile\Downloads\some-guys-source-that-is-weird-main\some-guys-source-that-is-weird-main\FFFFFFFFFF\FFFFFFFFFF\vector.h(315,67): warning C4244: '=': conversion from 'double' to 'float', possible loss of data
C:\Users\emile\Downloads\some-guys-source-that-is-weird-main\some-guys-source-that-is-weird-main\FFFFFFFFFF\FFFFFFFFFF\Text.h(93,74): warning C4267: 'argument': conversion from 'size_t' to 'int', possible loss of data
C:\Users\emile\Downloads\some-guys-source-that-is-weird-main\some-guys-source-that-is-weird-main\FFFFFFFFFF\FFFFFFFFFF\Text.h(125,31): warning C4267: 'initializing': conversion from 'size_t' to 'int', possible loss of data
C:\Users\emile\Downloads\some-guys-source-that-is-weird-main\some-guys-source-that-is-weird-main\FFFFFFFFFF\FFFFFFFFFF\Text.h(140,51): warning C4244: 'argument': conversion from 'int' to 'float', possible loss of data
C:\Users\emile\Downloads\some-guys-source-that-is-weird-main\some-guys-source-that-is-weird-main\FFFFFFFFFF\FFFFFFFFFF\Text.h(140,46): warning C4244: 'argument': conversion from 'int' to 'float', possible loss of data
C:\Users\emile\Downloads\some-guys-source-that-is-weird-main\some-guys-source-that-is-weird-main\FFFFFFFFFF\FFFFFFFFFF\Text.h(140,139): warning C4305: 'argument': truncation from 'double' to 'float'
C:\Users\emile\Downloads\some-guys-source-that-is-weird-main\some-guys-source-that-is-weird-main\FFFFFFFFFF\FFFFFFFFFF\Text.h(141,51): warning C4244: 'argument': conversion from 'int' to 'float', possible loss of data
C:\Users\emile\Downloads\some-guys-source-that-is-weird-main\some-guys-source-that-is-weird-main\FFFFFFFFFF\FFFFFFFFFF\Text.h(141,46): warning C4244: 'argument': conversion from 'int' to 'float', possible loss of data
C:\Users\emile\Downloads\some-guys-source-that-is-weird-main\some-guys-source-that-is-weird-main\FFFFFFFFFF\FFFFFFFFFF\Text.h(141,139): warning C4305: 'argument': truncation from 'double' to 'float'
C:\Users\emile\Downloads\some-guys-source-that-is-weird-main\some-guys-source-that-is-weird-main\FFFFFFFFFF\FFFFFFFFFF\Text.h(142,53): warning C4244: 'argument': conversion from 'int' to 'float', possible loss of data
C:\Users\emile\Downloads\some-guys-source-that-is-weird-main\some-guys-source-that-is-weird-main\FFFFFFFFFF\FFFFFFFFFF\Text.h(142,48): warning C4244: 'argument': conversion from 'int' to 'float', possible loss of data
C:\Users\emile\Downloads\some-guys-source-that-is-weird-main\some-guys-source-that-is-weird-main\FFFFFFFFFF\FFFFFFFFFF\Text.h(142,139): warning C4305: 'argument': truncation from 'double' to 'float'
C:\Users\emile\Downloads\some-guys-source-that-is-weird-main\some-guys-source-that-is-weird-main\FFFFFFFFFF\FFFFFFFFFF\Text.h(143,53): warning C4244: 'argument': conversion from 'int' to 'float', possible loss of data
C:\Users\emile\Downloads\some-guys-source-that-is-weird-main\some-guys-source-that-is-weird-main\FFFFFFFFFF\FFFFFFFFFF\Text.h(143,48): warning C4244: 'argument': conversion from 'int' to 'float', possible loss of data
C:\Users\emile\Downloads\some-guys-source-that-is-weird-main\some-guys-source-that-is-weird-main\FFFFFFFFFF\FFFFFFFFFF\Text.h(143,139): warning C4305: 'argument': truncation from 'double' to 'float'
C:\Users\emile\Downloads\some-guys-source-that-is-weird-main\some-guys-source-that-is-weird-main\FFFFFFFFFF\FFFFFFFFFF\Text.h(144,49): warning C4244: 'argument': conversion from 'int' to 'float', possible loss of data
C:\Users\emile\Downloads\some-guys-source-that-is-weird-main\some-guys-source-that-is-weird-main\FFFFFFFFFF\FFFFFFFFFF\Text.h(144,46): warning C4244: 'argument': conversion from 'int' to 'float', possible loss of data
C:\Users\emile\Downloads\some-guys-source-that-is-weird-main\some-guys-source-that-is-weird-main\FFFFFFFFFF\FFFFFFFFFF\Text.h(144,154): warning C4244: 'argument': conversion from 'double' to 'float', possible loss of data
C:\Users\emile\Downloads\some-guys-source-that-is-weird-main\some-guys-source-that-is-weird-main\FFFFFFFFFF\FFFFFFFFFF\Text.h(144,136): warning C4244: 'argument': conversion from 'double' to 'float', possible loss of data
C:\Users\emile\Downloads\some-guys-source-that-is-weird-main\some-guys-source-that-is-weird-main\FFFFFFFFFF\FFFFFFFFFF\Text.h(144,118): warning C4244: 'argument': conversion from 'double' to 'float', possible loss of data
C:\Users\emile\Downloads\some-guys-source-that-is-weird-main\some-guys-source-that-is-weird-main\FFFFFFFFFF\FFFFFFFFFF\Text.h(144,100): warning C4244: 'argument': conversion from 'double' to 'float', possible loss of data
C:\Users\emile\Downloads\some-guys-source-that-is-weird-main\some-guys-source-that-is-weird-main\FFFFFFFFFF\FFFFFFFFFF\Text.h(151,51): warning C4244: 'argument': conversion from 'int' to 'float', possible loss of data
C:\Users\emile\Downloads\some-guys-source-that-is-weird-main\some-guys-source-that-is-weird-main\FFFFFFFFFF\FFFFFFFFFF\Text.h(151,46): warning C4244: 'argument': conversion from 'int' to 'float', possible loss of data
C:\Users\emile\Downloads\some-guys-source-that-is-weird-main\some-guys-source-that-is-weird-main\FFFFFFFFFF\FFFFFFFFFF\Text.h(151,139): warning C4305: 'argument': truncation from 'double' to 'float'
C:\Users\emile\Downloads\some-guys-source-that-is-weird-main\some-guys-source-that-is-weird-main\FFFFFFFFFF\FFFFFFFFFF\Text.h(152,51): warning C4244: 'argument': conversion from 'int' to 'float', possible loss of data
C:\Users\emile\Downloads\some-guys-source-that-is-weird-main\some-guys-source-that-is-weird-main\FFFFFFFFFF\FFFFFFFFFF\Text.h(152,46): warning C4244: 'argument': conversion from 'int' to 'float', possible loss of data
C:\Users\emile\Downloads\some-guys-source-that-is-weird-main\some-guys-source-that-is-weird-main\FFFFFFFFFF\FFFFFFFFFF\Text.h(152,139): warning C4305: 'argument': truncation from 'double' to 'float'
C:\Users\emile\Downloads\some-guys-source-that-is-weird-main\some-guys-source-that-is-weird-main\FFFFFFFFFF\FFFFFFFFFF\Text.h(153,53): warning C4244: 'argument': conversion from 'int' to 'float', possible loss of data
C:\Users\emile\Downloads\some-guys-source-that-is-weird-main\some-guys-source-that-is-weird-main\FFFFFFFFFF\FFFFFFFFFF\Text.h(153,48): warning C4244: 'argument': conversion from 'int' to 'float', possible loss of data
C:\Users\emile\Downloads\some-guys-source-that-is-weird-main\some-guys-source-that-is-weird-main\FFFFFFFFFF\FFFFFFFFFF\Text.h(153,139): warning C4305: 'argument': truncation from 'double' to 'float'
C:\Users\emile\Downloads\some-guys-source-that-is-weird-main\some-guys-source-that-is-weird-main\FFFFFFFFFF\FFFFFFFFFF\Text.h(154,53): warning C4244: 'argument': conversion from 'int' to 'float', possible loss of data
C:\Users\emile\Downloads\some-guys-source-that-is-weird-main\some-guys-source-that-is-weird-main\FFFFFFFFFF\FFFFFFFFFF\Text.h(154,48): warning C4244: 'argument': conversion from 'int' to 'float', possible loss of data
C:\Users\emile\Downloads\some-guys-source-that-is-weird-main\some-guys-source-that-is-weird-main\FFFFFFFFFF\FFFFFFFFFF\Text.h(154,139): warning C4305: 'argument': truncation from 'double' to 'float'
C:\Users\emile\Downloads\some-guys-source-that-is-weird-main\some-guys-source-that-is-weird-main\FFFFFFFFFF\FFFFFFFFFF\Text.h(155,49): warning C4244: 'argument': conversion from 'int' to 'float', possible loss of data
C:\Users\emile\Downloads\some-guys-source-that-is-weird-main\some-guys-source-that-is-weird-main\FFFFFFFFFF\FFFFFFFFFF\Text.h(155,46): warning C4244: 'argument': conversion from 'int' to 'float', possible loss of data
C:\Users\emile\Downloads\some-guys-source-that-is-weird-main\some-guys-source-that-is-weird-main\FFFFFFFFFF\FFFFFFFFFF\Text.h(155,154): warning C4244: 'argument': conversion from 'double' to 'float', possible loss of data
C:\Users\emile\Downloads\some-guys-source-that-is-weird-main\some-guys-source-that-is-weird-main\FFFFFFFFFF\FFFFFFFFFF\Text.h(155,136): warning C4244: 'argument': conversion from 'double' to 'float', possible loss of data
C:\Users\emile\Downloads\some-guys-source-that-is-weird-main\some-guys-source-that-is-weird-main\FFFFFFFFFF\FFFFFFFFFF\Text.h(155,118): warning C4244: 'argument': conversion from 'double' to 'float', possible loss of data
C:\Users\emile\Downloads\some-guys-source-that-is-weird-main\some-guys-source-that-is-weird-main\FFFFFFFFFF\FFFFFFFFFF\Text.h(155,100): warning C4244: 'argument': conversion from 'double' to 'float', possible loss of data
C:\Users\emile\Downloads\some-guys-source-that-is-weird-main\some-guys-source-that-is-weird-main\FFFFFFFFFF\FFFFFFFFFF\Text.h(162,49): warning C4244: 'argument': conversion from 'int' to 'float', possible loss of data
C:\Users\emile\Downloads\some-guys-source-that-is-weird-main\some-guys-source-that-is-weird-main\FFFFFFFFFF\FFFFFFFFFF\Text.h(162,46): warning C4244: 'argument': conversion from 'int' to 'float', possible loss of data
C:\Users\emile\Downloads\some-guys-source-that-is-weird-main\some-guys-source-that-is-weird-main\FFFFFFFFFF\FFFFFFFFFF\Text.h(162,154): warning C4244: 'argument': conversion from 'double' to 'float', possible loss of data
C:\Users\emile\Downloads\some-guys-source-that-is-weird-main\some-guys-source-that-is-weird-main\FFFFFFFFFF\FFFFFFFFFF\Text.h(162,136): warning C4244: 'argument': conversion from 'double' to 'float', possible loss of data
C:\Users\emile\Downloads\some-guys-source-that-is-weird-main\some-guys-source-that-is-weird-main\FFFFFFFFFF\FFFFFFFFFF\Text.h(162,118): warning C4244: 'argument': conversion from 'double' to 'float', possible loss of data
C:\Users\emile\Downloads\some-guys-source-that-is-weird-main\some-guys-source-that-is-weird-main\FFFFFFFFFF\FFFFFFFFFF\Text.h(162,100): warning C4244: 'argument': conversion from 'double' to 'float', possible loss of data
C:\Users\emile\Downloads\some-guys-source-that-is-weird-main\some-guys-source-that-is-weird-main\FFFFFFFFFF\FFFFFFFFFF\Text.h(166,49): warning C4244: 'argument': conversion from 'int' to 'float', possible loss of data
C:\Users\emile\Downloads\some-guys-source-that-is-weird-main\some-guys-source-that-is-weird-main\FFFFFFFFFF\FFFFFFFFFF\Text.h(166,46): warning C4244: 'argument': conversion from 'int' to 'float', possible loss of data
C:\Users\emile\Downloads\some-guys-source-that-is-weird-main\some-guys-source-that-is-weird-main\FFFFFFFFFF\FFFFFFFFFF\Text.h(166,69): warning C4244: 'argument': conversion from 'int' to 'float', possible loss of data
C:\Users\emile\Downloads\some-guys-source-that-is-weird-main\some-guys-source-that-is-weird-main\FFFFFFFFFF\FFFFFFFFFF\Text.h(166,62): warning C4244: 'argument': conversion from 'int' to 'float', possible loss of data
C:\Users\emile\Downloads\some-guys-source-that-is-weird-main\some-guys-source-that-is-weird-main\FFFFFFFFFF\FFFFFFFFFF\Text.h(166,176): warning C4244: 'argument': conversion from 'double' to 'float', possible loss of data
C:\Users\emile\Downloads\some-guys-source-that-is-weird-main\some-guys-source-that-is-weird-main\FFFFFFFFFF\FFFFFFFFFF\Text.h(166,158): warning C4244: 'argument': conversion from 'double' to 'float', possible loss of data
C:\Users\emile\Downloads\some-guys-source-that-is-weird-main\some-guys-source-that-is-weird-main\FFFFFFFFFF\FFFFFFFFFF\Text.h(166,140): warning C4244: 'argument': conversion from 'double' to 'float', possible loss of data
C:\Users\emile\Downloads\some-guys-source-that-is-weird-main\some-guys-source-that-is-weird-main\FFFFFFFFFF\FFFFFFFFFF\Text.h(166,122): warning C4244: 'argument': conversion from 'double' to 'float', possible loss of data
C:\Users\emile\Downloads\some-guys-source-that-is-weird-main\some-guys-source-that-is-weird-main\FFFFFFFFFF\FFFFFFFFFF\Text.h(166,193): warning C4244: 'argument': conversion from 'int' to 'float', possible loss of data
C:\Users\emile\Downloads\some-guys-source-that-is-weird-main\some-guys-source-that-is-weird-main\FFFFFFFFFF\FFFFFFFFFF\Text.h(170,55): warning C4244: 'argument': conversion from 'int' to 'float', possible loss of data
C:\Users\emile\Downloads\some-guys-source-that-is-weird-main\some-guys-source-that-is-weird-main\FFFFFFFFFF\FFFFFFFFFF\Text.h(170,52): warning C4244: 'argument': conversion from 'int' to 'float', possible loss of data
C:\Users\emile\Downloads\some-guys-source-that-is-weird-main\some-guys-source-that-is-weird-main\FFFFFFFFFF\FFFFFFFFFF\Text.h(170,75): warning C4244: 'argument': conversion from 'int' to 'float', possible loss of data
C:\Users\emile\Downloads\some-guys-source-that-is-weird-main\some-guys-source-that-is-weird-main\FFFFFFFFFF\FFFFFFFFFF\Text.h(170,68): warning C4244: 'argument': conversion from 'int' to 'float', possible loss of data
C:\Users\emile\Downloads\some-guys-source-that-is-weird-main\some-guys-source-that-is-weird-main\FFFFFFFFFF\FFFFFFFFFF\Text.h(170,182): warning C4244: 'argument': conversion from 'double' to 'float', possible loss of data
C:\Users\emile\Downloads\some-guys-source-that-is-weird-main\some-guys-source-that-is-weird-main\FFFFFFFFFF\FFFFFFFFFF\Text.h(170,164): warning C4244: 'argument': conversion from 'double' to 'float', possible loss of data
C:\Users\emile\Downloads\some-guys-source-that-is-weird-main\some-guys-source-that-is-weird-main\FFFFFFFFFF\FFFFFFFFFF\Text.h(170,146): warning C4244: 'argument': conversion from 'double' to 'float', possible loss of data
C:\Users\emile\Downloads\some-guys-source-that-is-weird-main\some-guys-source-that-is-weird-main\FFFFFFFFFF\FFFFFFFFFF\Text.h(170,128): warning C4244: 'argument': conversion from 'double' to 'float', possible loss of data
C:\Users\emile\Downloads\some-guys-source-that-is-weird-main\some-guys-source-that-is-weird-main\FFFFFFFFFF\FFFFFFFFFF\Text.h(176,21): warning C4838: conversion from 'int' to 'DWORD' requires a narrowing conversion
C:\Users\emile\Downloads\some-guys-source-that-is-weird-main\some-guys-source-that-is-weird-main\FFFFFFFFFF\FFFFFFFFFF\Text.h(176,24): warning C4838: conversion from 'int' to 'DWORD' requires a narrowing conversion
C:\Users\emile\Downloads\some-guys-source-that-is-weird-main\some-guys-source-that-is-weird-main\FFFFFFFFFF\FFFFFFFFFF\Text.h(184,21): warning C4838: conversion from 'int' to 'DWORD' requires a narrowing conversion
C:\Users\emile\Downloads\some-guys-source-that-is-weird-main\some-guys-source-that-is-weird-main\FFFFFFFFFF\FFFFFFFFFF\Text.h(184,24): warning C4838: conversion from 'int' to 'DWORD' requires a narrowing conversion
C:\Users\emile\Downloads\some-guys-source-that-is-weird-main\some-guys-source-that-is-weird-main\FFFFFFFFFF\FFFFFFFFFF\Text.h(199,9): warning C4244: '=': conversion from 'float' to 'int', possible loss of data
C:\Users\emile\Downloads\some-guys-source-that-is-weird-main\some-guys-source-that-is-weird-main\FFFFFFFFFF\FFFFFFFFFF\Text.h(200,9): warning C4244: '=': conversion from 'float' to 'int', possible loss of data
C:\Users\emile\Downloads\some-guys-source-that-is-weird-main\some-guys-source-that-is-weird-main\FFFFFFFFFF\FFFFFFFFFF\Text.h(204,84): warning C4244: 'argument': conversion from 'int' to 'float', possible loss of data
C:\Users\emile\Downloads\some-guys-source-that-is-weird-main\some-guys-source-that-is-weird-main\FFFFFFFFFF\FFFFFFFFFF\Text.h(204,77): warning C4244: 'argument': conversion from 'int' to 'float', possible loss of data
C:\Users\emile\Downloads\some-guys-source-that-is-weird-main\some-guys-source-that-is-weird-main\FFFFFFFFFF\FFFFFFFFFF\Text.h(205,84): warning C4244: 'argument': conversion from 'int' to 'float', possible loss of data
C:\Users\emile\Downloads\some-guys-source-that-is-weird-main\some-guys-source-that-is-weird-main\FFFFFFFFFF\FFFFFFFFFF\Text.h(205,77): warning C4244: 'argument': conversion from 'int' to 'float', possible loss of data
C:\Users\emile\Downloads\some-guys-source-that-is-weird-main\some-guys-source-that-is-weird-main\FFFFFFFFFF\FFFFFFFFFF\Text.h(206,84): warning C4244: 'argument': conversion from 'int' to 'float', possible loss of data
C:\Users\emile\Downloads\some-guys-source-that-is-weird-main\some-guys-source-that-is-weird-main\FFFFFFFFFF\FFFFFFFFFF\Text.h(206,77): warning C4244: 'argument': conversion from 'int' to 'float', possible loss of data
C:\Users\emile\Downloads\some-guys-source-that-is-weird-main\some-guys-source-that-is-weird-main\FFFFFFFFFF\FFFFFFFFFF\Text.h(207,84): warning C4244: 'argument': conversion from 'int' to 'float', possible loss of data
C:\Users\emile\Downloads\some-guys-source-that-is-weird-main\some-guys-source-that-is-weird-main\FFFFFFFFFF\FFFFFFFFFF\Text.h(207,77): warning C4244: 'argument': conversion from 'int' to 'float', possible loss of data
C:\Users\emile\Downloads\some-guys-source-that-is-weird-main\some-guys-source-that-is-weird-main\FFFFFFFFFF\FFFFFFFFFF\Text.h(209,77): warning C4244: 'argument': conversion from 'int' to 'float', possible loss of data
C:\Users\emile\Downloads\some-guys-source-that-is-weird-main\some-guys-source-that-is-weird-main\FFFFFFFFFF\FFFFFFFFFF\Text.h(209,74): warning C4244: 'argument': conversion from 'int' to 'float', possible loss of data
C:\Users\emile\Downloads\some-guys-source-that-is-weird-main\some-guys-source-that-is-weird-main\FFFFFFFFFF\FFFFFFFFFF\Text.h(209,182): warning C4244: 'argument': conversion from 'double' to 'float', possible loss of data
C:\Users\emile\Downloads\some-guys-source-that-is-weird-main\some-guys-source-that-is-weird-main\FFFFFFFFFF\FFFFFFFFFF\Text.h(209,164): warning C4244: 'argument': conversion from 'double' to 'float', possible loss of data
C:\Users\emile\Downloads\some-guys-source-that-is-weird-main\some-guys-source-that-is-weird-main\FFFFFFFFFF\FFFFFFFFFF\Text.h(209,146): warning C4244: 'argument': conversion from 'double' to 'float', possible loss of data
C:\Users\emile\Downloads\some-guys-source-that-is-weird-main\some-guys-source-that-is-weird-main\FFFFFFFFFF\FFFFFFFFFF\Text.h(209,128): warning C4244: 'argument': conversion from 'double' to 'float', possible loss of data
C:\Users\emile\Downloads\some-guys-source-that-is-weird-main\some-guys-source-that-is-weird-main\FFFFFFFFFF\FFFFFFFFFF\Text.h(213,57): warning C4244: 'argument': conversion from 'int' to 'float', possible loss of data
C:\Users\emile\Downloads\some-guys-source-that-is-weird-main\some-guys-source-that-is-weird-main\FFFFFFFFFF\FFFFFFFFFF\Text.h(213,54): warning C4244: 'argument': conversion from 'int' to 'float', possible loss of data
C:\Users\emile\Downloads\some-guys-source-that-is-weird-main\some-guys-source-that-is-weird-main\FFFFFFFFFF\FFFFFFFFFF\Text.h(213,170): warning C4244: 'argument': conversion from 'double' to 'float', possible loss of data
C:\Users\emile\Downloads\some-guys-source-that-is-weird-main\some-guys-source-that-is-weird-main\FFFFFFFFFF\FFFFFFFFFF\Text.h(213,152): warning C4244: 'argument': conversion from 'double' to 'float', possible loss of data
C:\Users\emile\Downloads\some-guys-source-that-is-weird-main\some-guys-source-that-is-weird-main\FFFFFFFFFF\FFFFFFFFFF\Text.h(213,134): warning C4244: 'argument': conversion from 'double' to 'float', possible loss of data
C:\Users\emile\Downloads\some-guys-source-that-is-weird-main\some-guys-source-that-is-weird-main\FFFFFFFFFF\FFFFFFFFFF\Text.h(213,116): warning C4244: 'argument': conversion from 'double' to 'float', possible loss of data
C:\Users\emile\Downloads\some-guys-source-that-is-weird-main\some-guys-source-that-is-weird-main\FFFFFFFFFF\FFFFFFFFFF\Text.h(213,61): warning C4244: 'argument': conversion from 'int' to 'float', possible loss of data
C:\Users\emile\Downloads\some-guys-source-that-is-weird-main\some-guys-source-that-is-weird-main\FFFFFFFFFF\FFFFFFFFFF\Text.h(217,51): warning C4244: 'argument': conversion from 'int' to 'float', possible loss of data
C:\Users\emile\Downloads\some-guys-source-that-is-weird-main\some-guys-source-that-is-weird-main\FFFFFFFFFF\FFFFFFFFFF\Text.h(217,48): warning C4244: 'argument': conversion from 'int' to 'float', possible loss of data
C:\Users\emile\Downloads\some-guys-source-that-is-weird-main\some-guys-source-that-is-weird-main\FFFFFFFFFF\FFFFFFFFFF\Text.h(217,164): warning C4244: 'argument': conversion from 'double' to 'float', possible loss of data
C:\Users\emile\Downloads\some-guys-source-that-is-weird-main\some-guys-source-that-is-weird-main\FFFFFFFFFF\FFFFFFFFFF\Text.h(217,146): warning C4244: 'argument': conversion from 'double' to 'float', possible loss of data
C:\Users\emile\Downloads\some-guys-source-that-is-weird-main\some-guys-source-that-is-weird-main\FFFFFFFFFF\FFFFFFFFFF\Text.h(217,128): warning C4244: 'argument': conversion from 'double' to 'float', possible loss of data
C:\Users\emile\Downloads\some-guys-source-that-is-weird-main\some-guys-source-that-is-weird-main\FFFFFFFFFF\FFFFFFFFFF\Text.h(217,110): warning C4244: 'argument': conversion from 'double' to 'float', possible loss of data
C:\Users\emile\Downloads\some-guys-source-that-is-weird-main\some-guys-source-that-is-weird-main\FFFFFFFFFF\FFFFFFFFFF\Text.h(217,55): warning C4244: 'argument': conversion from 'int' to 'float', possible loss of data
C:\Users\emile\Downloads\some-guys-source-that-is-weird-main\some-guys-source-that-is-weird-main\FFFFFFFFFF\FFFFFFFFFF\Text.h(221,54): warning C4244: 'argument': conversion from 'int' to 'float', possible loss of data
C:\Users\emile\Downloads\some-guys-source-that-is-weird-main\some-guys-source-that-is-weird-main\FFFFFFFFFF\FFFFFFFFFF\Text.h(221,50): warning C4244: 'argument': conversion from 'int' to 'float', possible loss of data
C:\Users\emile\Downloads\some-guys-source-that-is-weird-main\some-guys-source-that-is-weird-main\FFFFFFFFFF\FFFFFFFFFF\Text.h(221,70): warning C4244: 'argument': conversion from 'int' to 'float', possible loss of data
C:\Users\emile\Downloads\some-guys-source-that-is-weird-main\some-guys-source-that-is-weird-main\FFFFFFFFFF\FFFFFFFFFF\Text.h(221,66): warning C4244: 'argument': conversion from 'int' to 'float', possible loss of data
C:\Users\emile\Downloads\some-guys-source-that-is-weird-main\some-guys-source-that-is-weird-main\FFFFFFFFFF\FFFFFFFFFF\Text.h(221,86): warning C4244: 'argument': conversion from 'int' to 'float', possible loss of data
C:\Users\emile\Downloads\some-guys-source-that-is-weird-main\some-guys-source-that-is-weird-main\FFFFFFFFFF\FFFFFFFFFF\Text.h(221,82): warning C4244: 'argument': conversion from 'int' to 'float', possible loss of data
C:\Users\emile\Downloads\some-guys-source-that-is-weird-main\some-guys-source-that-is-weird-main\FFFFFFFFFF\FFFFFFFFFF\Text.h(221,192): warning C4244: 'argument': conversion from 'double' to 'float', possible loss of data
C:\Users\emile\Downloads\some-guys-source-that-is-weird-main\some-guys-source-that-is-weird-main\FFFFFFFFFF\FFFFFFFFFF\Text.h(221,174): warning C4244: 'argument': conversion from 'double' to 'float', possible loss of data
C:\Users\emile\Downloads\some-guys-source-that-is-weird-main\some-guys-source-that-is-weird-main\FFFFFFFFFF\FFFFFFFFFF\Text.h(221,156): warning C4244: 'argument': conversion from 'double' to 'float', possible loss of data
C:\Users\emile\Downloads\some-guys-source-that-is-weird-main\some-guys-source-that-is-weird-main\FFFFFFFFFF\FFFFFFFFFF\Text.h(221,138): warning C4244: 'argument': conversion from 'double' to 'float', possible loss of data
C:\Users\emile\Downloads\some-guys-source-that-is-weird-main\some-guys-source-that-is-weird-main\FFFFFFFFFF\FFFFFFFFFF\Text.h(225,60): warning C4244: 'argument': conversion from 'int' to 'float', possible loss of data
C:\Users\emile\Downloads\some-guys-source-that-is-weird-main\some-guys-source-that-is-weird-main\FFFFFFFFFF\FFFFFFFFFF\Text.h(225,56): warning C4244: 'argument': conversion from 'int' to 'float', possible loss of data
C:\Users\emile\Downloads\some-guys-source-that-is-weird-main\some-guys-source-that-is-weird-main\FFFFFFFFFF\FFFFFFFFFF\Text.h(225,76): warning C4244: 'argument': conversion from 'int' to 'float', possible loss of data
C:\Users\emile\Downloads\some-guys-source-that-is-weird-main\some-guys-source-that-is-weird-main\FFFFFFFFFF\FFFFFFFFFF\Text.h(225,72): warning C4244: 'argument': conversion from 'int' to 'float', possible loss of data
C:\Users\emile\Downloads\some-guys-source-that-is-weird-main\some-guys-source-that-is-weird-main\FFFFFFFFFF\FFFFFFFFFF\Text.h(225,92): warning C4244: 'argument': conversion from 'int' to 'float', possible loss of data
C:\Users\emile\Downloads\some-guys-source-that-is-weird-main\some-guys-source-that-is-weird-main\FFFFFFFFFF\FFFFFFFFFF\Text.h(225,88): warning C4244: 'argument': conversion from 'int' to 'float', possible loss of data
C:\Users\emile\Downloads\some-guys-source-that-is-weird-main\some-guys-source-that-is-weird-main\FFFFFFFFFF\FFFFFFFFFF\Text.h(225,198): warning C4244: 'argument': conversion from 'double' to 'float', possible loss of data
C:\Users\emile\Downloads\some-guys-source-that-is-weird-main\some-guys-source-that-is-weird-main\FFFFFFFFFF\FFFFFFFFFF\Text.h(225,180): warning C4244: 'argument': conversion from 'double' to 'float', possible loss of data
C:\Users\emile\Downloads\some-guys-source-that-is-weird-main\some-guys-source-that-is-weird-main\FFFFFFFFFF\FFFFFFFFFF\Text.h(225,162): warning C4244: 'argument': conversion from 'double' to 'float', possible loss of data
C:\Users\emile\Downloads\some-guys-source-that-is-weird-main\some-guys-source-that-is-weird-main\FFFFFFFFFF\FFFFFFFFFF\Text.h(225,144): warning C4244: 'argument': conversion from 'double' to 'float', possible loss of data
C:\Users\emile\Downloads\some-guys-source-that-is-weird-main\some-guys-source-that-is-weird-main\FFFFFFFFFF\FFFFFFFFFF\Text.h(229,50): warning C4244: 'argument': conversion from 'int' to 'float', possible loss of data
C:\Users\emile\Downloads\some-guys-source-that-is-weird-main\some-guys-source-that-is-weird-main\FFFFFFFFFF\FFFFFFFFFF\Text.h(229,46): warning C4244: 'argument': conversion from 'int' to 'float', possible loss of data
C:\Users\emile\Downloads\some-guys-source-that-is-weird-main\some-guys-source-that-is-weird-main\FFFFFFFFFF\FFFFFFFFFF\Text.h(229,66): warning C4244: 'argument': conversion from 'int' to 'float', possible loss of data
C:\Users\emile\Downloads\some-guys-source-that-is-weird-main\some-guys-source-that-is-weird-main\FFFFFFFFFF\FFFFFFFFFF\Text.h(229,62): warning C4244: 'argument': conversion from 'int' to 'float', possible loss of data
C:\Users\emile\Downloads\some-guys-source-that-is-weird-main\some-guys-source-that-is-weird-main\FFFFFFFFFF\FFFFFFFFFF\Text.h(229,172): warning C4244: 'argument': conversion from 'double' to 'float', possible loss of data
C:\Users\emile\Downloads\some-guys-source-that-is-weird-main\some-guys-source-that-is-weird-main\FFFFFFFFFF\FFFFFFFFFF\Text.h(229,154): warning C4244: 'argument': conversion from 'double' to 'float', possible loss of data
C:\Users\emile\Downloads\some-guys-source-that-is-weird-main\some-guys-source-that-is-weird-main\FFFFFFFFFF\FFFFFFFFFF\Text.h(229,136): warning C4244: 'argument': conversion from 'double' to 'float', possible loss of data
C:\Users\emile\Downloads\some-guys-source-that-is-weird-main\some-guys-source-that-is-weird-main\FFFFFFFFFF\FFFFFFFFFF\Text.h(229,118): warning C4244: 'argument': conversion from 'double' to 'float', possible loss of data
C:\Users\emile\Downloads\some-guys-source-that-is-weird-main\some-guys-source-that-is-weird-main\FFFFFFFFFF\FFFFFFFFFF\Text.h(229,183): warning C4244: 'argument': conversion from 'int' to 'float', possible loss of data
C:\Users\emile\Downloads\some-guys-source-that-is-weird-main\some-guys-source-that-is-weird-main\FFFFFFFFFF\FFFFFFFFFF\Text.h(255,10): warning C4244: 'initializing': conversion from 'uint32_t' to 'float', possible loss of data
C:\Users\emile\Downloads\some-guys-source-that-is-weird-main\some-guys-source-that-is-weird-main\FFFFFFFFFF\FFFFFFFFFF\Text.h(256,10): warning C4244: 'initializing': conversion from 'uint32_t' to 'float', possible loss of data
C:\Users\emile\Downloads\some-guys-source-that-is-weird-main\some-guys-source-that-is-weird-main\FFFFFFFFFF\FFFFFFFFFF\Text.h(257,10): warning C4244: 'initializing': conversion from 'uint32_t' to 'float', possible loss of data
C:\Users\emile\Downloads\some-guys-source-that-is-weird-main\some-guys-source-that-is-weird-main\FFFFFFFFFF\FFFFFFFFFF\Text.h(258,10): warning C4244: 'initializing': conversion from 'uint32_t' to 'float', possible loss of data
C:\Users\emile\Downloads\some-guys-source-that-is-weird-main\some-guys-source-that-is-weird-main\FFFFFFFFFF\FFFFFFFFFF\game.h(85,20): warning C4244: 'initializing': conversion from 'float' to 'int', possible loss of data
C:\Users\emile\Downloads\some-guys-source-that-is-weird-main\some-guys-source-that-is-weird-main\FFFFFFFFFF\FFFFFFFFFF\game.h(86,20): warning C4244: 'initializing': conversion from 'float' to 'int', possible loss of data
C:\Users\emile\Downloads\some-guys-source-that-is-weird-main\some-guys-source-that-is-weird-main\FFFFFFFFFF\FFFFFFFFFF\game.h(87,21): warning C4244: 'initializing': conversion from 'float' to 'int', possible loss of data
C:\Users\emile\Downloads\some-guys-source-that-is-weird-main\some-guys-source-that-is-weird-main\FFFFFFFFFF\FFFFFFFFFF\game.h(88,21): warning C4244: 'initializing': conversion from 'float' to 'int', possible loss of data
C:\Users\emile\Downloads\some-guys-source-that-is-weird-main\some-guys-source-that-is-weird-main\FFFFFFFFFF\FFFFFFFFFF\game.h(89,19): warning C4244: 'initializing': conversion from 'float' to 'int', possible loss of data
C:\Users\emile\Downloads\some-guys-source-that-is-weird-main\some-guys-source-that-is-weird-main\FFFFFFFFFF\FFFFFFFFFF\game.h(90,19): warning C4244: 'initializing': conversion from 'float' to 'int', possible loss of data
C:\Users\emile\Downloads\some-guys-source-that-is-weird-main\some-guys-source-that-is-weird-main\FFFFFFFFFF\FFFFFFFFFF\game.h(91,62): warning C4244: 'argument': conversion from 'int' to 'float', possible loss of data
C:\Users\emile\Downloads\some-guys-source-that-is-weird-main\some-guys-source-that-is-weird-main\FFFFFFFFFF\FFFFFFFFFF\game.h(91,53): warning C4244: 'argument': conversion from 'int' to 'float', possible loss of data
C:\Users\emile\Downloads\some-guys-source-that-is-weird-main\some-guys-source-that-is-weird-main\FFFFFFFFFF\FFFFFFFFFF\game.h(91,86): warning C4244: 'argument': conversion from 'int' to 'float', possible loss of data
C:\Users\emile\Downloads\some-guys-source-that-is-weird-main\some-guys-source-that-is-weird-main\FFFFFFFFFF\FFFFFFFFFF\game.h(91,79): warning C4244: 'argument': conversion from 'int' to 'float', possible loss of data
C:\Users\emile\Downloads\some-guys-source-that-is-weird-main\some-guys-source-that-is-weird-main\FFFFFFFFFF\FFFFFFFFFF\game.h(370,33): warning C4244: 'argument': conversion from 'double' to 'float', possible loss of data
C:\Users\emile\Downloads\some-guys-source-that-is-weird-main\some-guys-source-that-is-weird-main\FFFFFFFFFF\FFFFFFFFFF\game.h(370,40): warning C4244: '=': conversion from 'double' to 'float', possible loss of data
C:\Users\emile\Downloads\some-guys-source-that-is-weird-main\some-guys-source-that-is-weird-main\FFFFFFFFFF\FFFFFFFFFF\game.h(371,44): warning C4244: '=': conversion from 'double' to 'float', possible loss of data
C:\Users\emile\Downloads\some-guys-source-that-is-weird-main\some-guys-source-that-is-weird-main\FFFFFFFFFF\FFFFFFFFFF\game.h(555,76): warning C4244: 'argument': conversion from 'float' to 'int', possible loss of data
C:\Users\emile\Downloads\some-guys-source-that-is-weird-main\some-guys-source-that-is-weird-main\FFFFFFFFFF\FFFFFFFFFF\game.h(555,62): warning C4244: 'argument': conversion from 'float' to 'int', possible loss of data
C:\Users\emile\Downloads\some-guys-source-that-is-weird-main\some-guys-source-that-is-weird-main\FFFFFFFFFF\FFFFFFFFFF\game.h(555,46): warning C4244: 'argument': conversion from 'float' to 'int', possible loss of data
C:\Users\emile\Downloads\some-guys-source-that-is-weird-main\some-guys-source-that-is-weird-main\FFFFFFFFFF\FFFFFFFFFF\game.h(560,47): warning C4474: 'sprintf' : too many arguments passed for format string
C:\Users\emile\Downloads\some-guys-source-that-is-weird-main\some-guys-source-that-is-weird-main\FFFFFFFFFF\FFFFFFFFFF\game.h(560,47): message : placeholders and their parameters expect 1 variadic arguments, but 3 were provided
C:\Users\emile\Downloads\some-guys-source-that-is-weird-main\some-guys-source-that-is-weird-main\FFFFFFFFFF\FFFFFFFFFF\game.h(563,28): warning C4244: 'initializing': conversion from 'float' to 'int', possible loss of data
C:\Users\emile\Downloads\some-guys-source-that-is-weird-main\some-guys-source-that-is-weird-main\FFFFFFFFFF\FFFFFFFFFF\game.h(564,28): warning C4244: 'initializing': conversion from 'float' to 'int', possible loss of data
C:\Users\emile\Downloads\some-guys-source-that-is-weird-main\some-guys-source-that-is-weird-main\FFFFFFFFFF\FFFFFFFFFF\game.h(565,29): warning C4244: 'initializing': conversion from 'float' to 'int', possible loss of data
C:\Users\emile\Downloads\some-guys-source-that-is-weird-main\some-guys-source-that-is-weird-main\FFFFFFFFFF\FFFFFFFFFF\game.h(566,29): warning C4244: 'initializing': conversion from 'float' to 'int', possible loss of data
C:\Users\emile\Downloads\some-guys-source-that-is-weird-main\some-guys-source-that-is-weird-main\FFFFFFFFFF\FFFFFFFFFF\game.h(567,26): warning C4244: 'initializing': conversion from 'float' to 'int', possible loss of data
C:\Users\emile\Downloads\some-guys-source-that-is-weird-main\some-guys-source-that-is-weird-main\FFFFFFFFFF\FFFFFFFFFF\game.h(568,26): warning C4244: 'initializing': conversion from 'float' to 'int', possible loss of data
C:\Users\emile\Downloads\some-guys-source-that-is-weird-main\some-guys-source-that-is-weird-main\FFFFFFFFFF\FFFFFFFFFF\game.h(569,27): warning C4244: 'initializing': conversion from 'float' to 'int', possible loss of data
C:\Users\emile\Downloads\some-guys-source-that-is-weird-main\some-guys-source-that-is-weird-main\FFFFFFFFFF\FFFFFFFFFF\game.h(570,27): warning C4244: 'initializing': conversion from 'float' to 'int', possible loss of data
C:\Users\emile\Downloads\some-guys-source-that-is-weird-main\some-guys-source-that-is-weird-main\FFFFFFFFFF\FFFFFFFFFF\game.h(596,99): warning C4244: 'argument': conversion from 'float' to 'int', possible loss of data
C:\Users\emile\Downloads\some-guys-source-that-is-weird-main\some-guys-source-that-is-weird-main\FFFFFFFFFF\FFFFFFFFFF\game.h(596,85): warning C4244: 'argument': conversion from 'float' to 'int', possible loss of data
C:\Users\emile\Downloads\some-guys-source-that-is-weird-main\some-guys-source-that-is-weird-main\FFFFFFFFFF\FFFFFFFFFF\game.h(596,75): warning C4244: 'argument': conversion from 'float' to 'int', possible loss of data
C:\Users\emile\Downloads\some-guys-source-that-is-weird-main\some-guys-source-that-is-weird-main\FFFFFFFFFF\FFFFFFFFFF\game.h(596,71): warning C4244: 'argument': conversion from 'float' to 'int', possible loss of data
C:\Users\emile\Downloads\some-guys-source-that-is-weird-main\some-guys-source-that-is-weird-main\FFFFFFFFFF\FFFFFFFFFF\game.h(596,53): warning C4244: 'argument': conversion from 'float' to 'int', possible loss of data
C:\Users\emile\Downloads\some-guys-source-that-is-weird-main\some-guys-source-that-is-weird-main\FFFFFFFFFF\FFFFFFFFFF\game.h(599,70): warning C4244: 'argument': conversion from 'float' to 'int', possible loss of data
C:\Users\emile\Downloads\some-guys-source-that-is-weird-main\some-guys-source-that-is-weird-main\FFFFFFFFFF\FFFFFFFFFF\game.h(599,54): warning C4244: 'argument': conversion from 'float' to 'int', possible loss of data
C:\Users\emile\Downloads\some-guys-source-that-is-weird-main\some-guys-source-that-is-weird-main\FFFFFFFFFF\FFFFFFFFFF\game.h(605,28): warning C4244: 'initializing': conversion from 'float' to 'int', possible loss of data
C:\Users\emile\Downloads\some-guys-source-that-is-weird-main\some-guys-source-that-is-weird-main\FFFFFFFFFF\FFFFFFFFFF\game.h(606,28): warning C4244: 'initializing': conversion from 'float' to 'int', possible loss of data
C:\Users\emile\Downloads\some-guys-source-that-is-weird-main\some-guys-source-that-is-weird-main\FFFFFFFFFF\FFFFFFFFFF\game.h(607,29): warning C4244: 'initializing': conversion from 'float' to 'int', possible loss of data
C:\Users\emile\Downloads\some-guys-source-that-is-weird-main\some-guys-source-that-is-weird-main\FFFFFFFFFF\FFFFFFFFFF\game.h(608,29): warning C4244: 'initializing': conversion from 'float' to 'int', possible loss of data
C:\Users\emile\Downloads\some-guys-source-that-is-weird-main\some-guys-source-that-is-weird-main\FFFFFFFFFF\FFFFFFFFFF\game.h(609,26): warning C4244: 'initializing': conversion from 'float' to 'int', possible loss of data
C:\Users\emile\Downloads\some-guys-source-that-is-weird-main\some-guys-source-that-is-weird-main\FFFFFFFFFF\FFFFFFFFFF\game.h(610,26): warning C4244: 'initializing': conversion from 'float' to 'int', possible loss of data
C:\Users\emile\Downloads\some-guys-source-that-is-weird-main\some-guys-source-that-is-weird-main\FFFFFFFFFF\FFFFFFFFFF\game.h(611,27): warning C4244: 'initializing': conversion from 'float' to 'int', possible loss of data
C:\Users\emile\Downloads\some-guys-source-that-is-weird-main\some-guys-source-that-is-weird-main\FFFFFFFFFF\FFFFFFFFFF\game.h(612,27): warning C4244: 'initializing': conversion from 'float' to 'int', possible loss of data
C:\Users\emile\Downloads\some-guys-source-that-is-weird-main\some-guys-source-that-is-weird-main\FFFFFFFFFF\FFFFFFFFFF\game.h(622,92): warning C4244: 'argument': conversion from 'float' to 'int', possible loss of data
C:\Users\emile\Downloads\some-guys-source-that-is-weird-main\some-guys-source-that-is-weird-main\FFFFFFFFFF\FFFFFFFFFF\game.h(622,82): warning C4244: 'argument': conversion from 'float' to 'int', possible loss of data
C:\Users\emile\Downloads\some-guys-source-that-is-weird-main\some-guys-source-that-is-weird-main\FFFFFFFFFF\FFFFFFFFFF\game.h(622,78): warning C4244: 'argument': conversion from 'float' to 'int', possible loss of data
C:\Users\emile\Downloads\some-guys-source-that-is-weird-main\some-guys-source-that-is-weird-main\FFFFFFFFFF\FFFFFFFFFF\game.h(622,61): warning C4244: 'argument': conversion from 'float' to 'int', possible loss of data
C:\Users\emile\Downloads\some-guys-source-that-is-weird-main\some-guys-source-that-is-weird-main\FFFFFFFFFF\FFFFFFFFFF\game.h(623,92): warning C4244: 'argument': conversion from 'float' to 'int', possible loss of data
C:\Users\emile\Downloads\some-guys-source-that-is-weird-main\some-guys-source-that-is-weird-main\FFFFFFFFFF\FFFFFFFFFF\game.h(623,82): warning C4244: 'argument': conversion from 'float' to 'int', possible loss of data
C:\Users\emile\Downloads\some-guys-source-that-is-weird-main\some-guys-source-that-is-weird-main\FFFFFFFFFF\FFFFFFFFFF\game.h(623,78): warning C4244: 'argument': conversion from 'float' to 'int', possible loss of data
C:\Users\emile\Downloads\some-guys-source-that-is-weird-main\some-guys-source-that-is-weird-main\FFFFFFFFFF\FFFFFFFFFF\game.h(623,61): warning C4244: 'argument': conversion from 'float' to 'int', possible loss of data
C:\Users\emile\Downloads\some-guys-source-that-is-weird-main\some-guys-source-that-is-weird-main\FFFFFFFFFF\FFFFFFFFFF\game.h(624,92): warning C4244: 'argument': conversion from 'float' to 'int', possible loss of data
C:\Users\emile\Downloads\some-guys-source-that-is-weird-main\some-guys-source-that-is-weird-main\FFFFFFFFFF\FFFFFFFFFF\game.h(624,82): warning C4244: 'argument': conversion from 'float' to 'int', possible loss of data
C:\Users\emile\Downloads\some-guys-source-that-is-weird-main\some-guys-source-that-is-weird-main\FFFFFFFFFF\FFFFFFFFFF\game.h(624,77): warning C4244: 'argument': conversion from 'float' to 'int', possible loss of data
C:\Users\emile\Downloads\some-guys-source-that-is-weird-main\some-guys-source-that-is-weird-main\FFFFFFFFFF\FFFFFFFFFF\game.h(624,46): warning C4244: 'argument': conversion from 'float' to 'int', possible loss of data
C:\Users\emile\Downloads\some-guys-source-that-is-weird-main\some-guys-source-that-is-weird-main\FFFFFFFFFF\FFFFFFFFFF\game.h(625,92): warning C4244: 'argument': conversion from 'float' to 'int', possible loss of data
C:\Users\emile\Downloads\some-guys-source-that-is-weird-main\some-guys-source-that-is-weird-main\FFFFFFFFFF\FFFFFFFFFF\game.h(625,82): warning C4244: 'argument': conversion from 'float' to 'int', possible loss of data
C:\Users\emile\Downloads\some-guys-source-that-is-weird-main\some-guys-source-that-is-weird-main\FFFFFFFFFF\FFFFFFFFFF\game.h(625,77): warning C4244: 'argument': conversion from 'float' to 'int', possible loss of data
C:\Users\emile\Downloads\some-guys-source-that-is-weird-main\some-guys-source-that-is-weird-main\FFFFFFFFFF\FFFFFFFFFF\game.h(625,46): warning C4244: 'argument': conversion from 'float' to 'int', possible loss of data
C:\Users\emile\Downloads\some-guys-source-that-is-weird-main\some-guys-source-that-is-weird-main\FFFFFFFFFF\FFFFFFFFFF\game.h(560,15): warning C4996: 'sprintf': This function or variable may be unsafe. Consider using sprintf_s instead. To disable deprecation, use _CRT_SECURE_NO_WARNINGS. See online help for details.
C:\Users\emile\Downloads\some-guys-source-that-is-weird-main\some-guys-source-that-is-weird-main\FFFFFFFFFF\FFFFFFFFFF\game.h(707,24): warning C4551: function call missing argument list
C:\Users\emile\Downloads\some-guys-source-that-is-weird-main\some-guys-source-that-is-weird-main\FFFFFFFFFF\FFFFFFFFFF\game.h(720,24): warning C4551: function call missing argument list
C:\Users\emile\Downloads\some-guys-source-that-is-weird-main\some-guys-source-that-is-weird-main\FFFFFFFFFF\FFFFFFFFFF\game.h(799,48): warning C4244: 'argument': conversion from 'const T' to 'const uint32_t', possible loss of data
          with
          [
              T=uintptr_t
          ]
  imgui.cpp
  imgui_demo.cpp
  imgui_draw.cpp
  imgui_impl_glfw.cpp
  imgui_impl_opengl3.cpp
  imgui_tables.cpp
  imgui_widgets.cpp
LINK : fatal error LNK1104: cannot open file 'd3dx9.lib'
